2023-09-12 15:04:53,536 INFO notifyConnectTimeout:200

2023-09-12 15:04:53,537 INFO notifySocketTimeout:8000

2023-09-12 15:04:53,538 INFO isHealthCheck:true

2023-09-12 15:04:53,538 INFO maxHealthCheckFailCount:12

2023-09-12 15:04:53,538 INFO maxContent:10485760

2023-09-12 15:04:55,142 INFO use local db service for init

2023-09-12 15:04:55,482 WARN Lexical error at line 4, column 66.  Encountered: <EOF> after : "".

2023-09-12 15:04:55,488 WARN Syntax error: Encountered "*" at line 1, column 1.

2023-09-12 15:04:55,616 WARN Lexical error at line 4, column 13.  Encountered: "`" (96), after : "".

2023-09-12 15:04:55,616 WARN Lexical error at line 1, column 13.  Encountered: "`" (96), after : "".

2023-09-12 15:04:55,616 WARN Lexical error at line 1, column 13.  Encountered: "`" (96), after : "".

2023-09-12 15:04:55,616 WARN Lexical error at line 1, column 13.  Encountered: "`" (96), after : "".

2023-09-12 15:04:55,616 INFO use StandaloneDatabaseOperateImpl

2023-09-12 15:04:56,132 WARN DumpService start

2023-09-12 15:04:56,132 INFO start clear all config-info.

2023-09-12 15:04:56,133 WARN clear all config-info failed.

2023-09-12 15:04:56,133 WARN clear all config-info-tenant failed.

2023-09-12 15:04:56,155 INFO start clear all config-info-beta.

2023-09-12 15:04:56,155 WARN clear all config-info-beta failed.

2023-09-12 15:04:56,155 WARN clear all config-info-beta-tenant failed.

2023-09-12 15:04:56,160 INFO start clear all config-info-tag.

2023-09-12 15:04:56,161 WARN clear all config-info-tag failed.

2023-09-12 15:04:56,161 WARN clear all config-info-tag-tenant failed.

2023-09-12 15:10:38,932 INFO notifyConnectTimeout:200

2023-09-12 15:10:38,934 INFO notifySocketTimeout:8000

2023-09-12 15:10:38,934 INFO isHealthCheck:true

2023-09-12 15:10:38,934 INFO maxHealthCheckFailCount:12

2023-09-12 15:10:38,934 INFO maxContent:10485760

2023-09-12 15:20:04,069 INFO notifyConnectTimeout:200

2023-09-12 15:20:04,070 INFO notifySocketTimeout:8000

2023-09-12 15:20:04,070 INFO isHealthCheck:true

2023-09-12 15:20:04,070 INFO maxHealthCheckFailCount:12

2023-09-12 15:20:04,070 INFO maxContent:10485760

2023-09-12 15:20:54,478 INFO notifyConnectTimeout:200

2023-09-12 15:20:54,480 INFO notifySocketTimeout:8000

2023-09-12 15:20:54,480 INFO isHealthCheck:true

2023-09-12 15:20:54,480 INFO maxHealthCheckFailCount:12

2023-09-12 15:20:54,480 INFO maxContent:10485760

2023-09-12 15:20:56,061 INFO use local db service for init

2023-09-12 15:20:56,359 WARN Lexical error at line 4, column 66.  Encountered: <EOF> after : "".

2023-09-12 15:20:56,364 WARN Syntax error: Encountered "*" at line 1, column 1.

2023-09-12 15:20:56,387 WARN Table/View 'CONFIG_INFO' already exists in Schema 'NACOS'.

2023-09-12 15:20:56,405 WARN Table/View 'HIS_CONFIG_INFO' already exists in Schema 'NACOS'.

2023-09-12 15:20:56,414 WARN Table/View 'CONFIG_INFO_BETA' already exists in Schema 'NACOS'.

2023-09-12 15:20:56,417 WARN Table/View 'CONFIG_INFO_TAG' already exists in Schema 'NACOS'.

2023-09-12 15:20:56,420 WARN Table/View 'CONFIG_INFO_AGGR' already exists in Schema 'NACOS'.

2023-09-12 15:20:56,423 WARN Table/View 'APP_LIST' already exists in Schema 'NACOS'.

2023-09-12 15:20:56,425 WARN Table/View 'APP_CONFIGDATA_RELATION_SUBS' already exists in Schema 'NACOS'.

2023-09-12 15:20:56,427 WARN Table/View 'APP_CONFIGDATA_RELATION_PUBS' already exists in Schema 'NACOS'.

2023-09-12 15:20:56,429 WARN Table/View 'CONFIG_TAGS_RELATION' already exists in Schema 'NACOS'.

2023-09-12 15:20:56,433 WARN Table/View 'GROUP_CAPACITY' already exists in Schema 'NACOS'.

2023-09-12 15:20:56,435 WARN Table/View 'TENANT_CAPACITY' already exists in Schema 'NACOS'.

2023-09-12 15:20:56,438 WARN Table/View 'TENANT_INFO' already exists in Schema 'NACOS'.

2023-09-12 15:20:56,442 WARN Table/View 'USERS' already exists in Schema 'NACOS'.

2023-09-12 15:20:56,444 WARN Table/View 'ROLES' already exists in Schema 'NACOS'.

2023-09-12 15:20:56,446 WARN Table/View 'PERMISSIONS' already exists in Schema 'NACOS'.

2023-09-12 15:20:56,473 WARN The statement was aborted because it would have caused a duplicate key value in a unique or primary key constraint or unique index identified by 'SQL230912150455582' defined on 'USERS'.

2023-09-12 15:20:56,475 WARN The statement was aborted because it would have caused a duplicate key value in a unique or primary key constraint or unique index identified by 'UK_USERNAME_ROLE' defined on 'ROLES'.

2023-09-12 15:20:56,476 WARN Lexical error at line 4, column 13.  Encountered: "`" (96), after : "".

2023-09-12 15:20:56,476 WARN Lexical error at line 1, column 13.  Encountered: "`" (96), after : "".

2023-09-12 15:20:56,476 WARN Lexical error at line 1, column 13.  Encountered: "`" (96), after : "".

2023-09-12 15:20:56,476 WARN Lexical error at line 1, column 13.  Encountered: "`" (96), after : "".

2023-09-12 15:20:56,476 INFO use StandaloneDatabaseOperateImpl

2023-09-12 15:20:56,965 WARN DumpService start

2023-09-12 15:20:56,966 INFO start clear all config-info.

2023-09-12 15:20:56,966 WARN clear all config-info failed.

2023-09-12 15:20:56,966 WARN clear all config-info-tenant failed.

2023-09-12 15:20:56,986 INFO start clear all config-info-beta.

2023-09-12 15:20:56,987 WARN clear all config-info-beta failed.

2023-09-12 15:20:56,987 WARN clear all config-info-beta-tenant failed.

2023-09-12 15:20:56,992 INFO start clear all config-info-tag.

2023-09-12 15:20:56,993 WARN clear all config-info-tag failed.

2023-09-12 15:20:56,993 WARN clear all config-info-tag-tenant failed.

2023-09-12 15:49:31,910 INFO notifyConnectTimeout:200

2023-09-12 15:49:31,911 INFO notifySocketTimeout:8000

2023-09-12 15:49:31,911 INFO isHealthCheck:true

2023-09-12 15:49:31,911 INFO maxHealthCheckFailCount:12

2023-09-12 15:49:31,912 INFO maxContent:10485760

2023-09-12 15:49:33,498 INFO use local db service for init

2023-09-12 15:49:34,619 ERROR Failed to start database '/Users/roway/Downloads/SpringCloudStudy-alibaba/nacos/data/derby-data' with class loader org.springframework.boot.loader.LaunchedURLClassLoader@3ffc5af1, see the next exception for details.

java.sql.SQLException: Failed to start database '/Users/roway/Downloads/SpringCloudStudy-alibaba/nacos/data/derby-data' with class loader org.springframework.boot.loader.LaunchedURLClassLoader@3ffc5af1, see the next exception for details.
	at org.apache.derby.impl.jdbc.SQLExceptionFactory.getSQLException(Unknown Source)
	at org.apache.derby.impl.jdbc.SQLExceptionFactory.getSQLException(Unknown Source)
	at org.apache.derby.impl.jdbc.Util.seeNextException(Unknown Source)
	at org.apache.derby.impl.jdbc.EmbedConnection.bootDatabase(Unknown Source)
	at org.apache.derby.impl.jdbc.EmbedConnection.<init>(Unknown Source)
	at org.apache.derby.jdbc.InternalDriver$1.run(Unknown Source)
	at org.apache.derby.jdbc.InternalDriver$1.run(Unknown Source)
	at java.base/java.security.AccessController.doPrivileged(AccessController.java:569)
	at org.apache.derby.jdbc.InternalDriver.getNewEmbedConnection(Unknown Source)
	at org.apache.derby.jdbc.InternalDriver$LoginCallable.call(Unknown Source)
	at org.apache.derby.jdbc.InternalDriver$LoginCallable.call(Unknown Source)
	at java.base/java.util.concurrent.FutureTask.run(FutureTask.java:264)
	at java.base/java.util.concurrent.ThreadPoolExecutor.runWorker(ThreadPoolExecutor.java:1136)
	at java.base/java.util.concurrent.ThreadPoolExecutor$Worker.run(ThreadPoolExecutor.java:635)
	at java.base/java.lang.Thread.run(Thread.java:833)
Caused by: org.apache.derby.iapi.error.StandardException: Failed to start database '/Users/roway/Downloads/SpringCloudStudy-alibaba/nacos/data/derby-data' with class loader org.springframework.boot.loader.LaunchedURLClassLoader@3ffc5af1, see the next exception for details.
	at org.apache.derby.iapi.error.StandardException.newException(Unknown Source)
	at org.apache.derby.impl.jdbc.SQLExceptionFactory.wrapArgsForTransportAcrossDRDA(Unknown Source)
	... 15 common frames omitted
Caused by: org.apache.derby.iapi.error.StandardException: Another instance of Derby may have already booted the database /Users/roway/Downloads/SpringCloudStudy-alibaba/nacos/data/derby-data.
	at org.apache.derby.iapi.error.StandardException.newException(Unknown Source)
	at org.apache.derby.iapi.error.StandardException.newException(Unknown Source)
	at org.apache.derby.impl.store.raw.data.BaseDataFileFactory.privGetJBMSLockOnDB(Unknown Source)
	at org.apache.derby.impl.store.raw.data.BaseDataFileFactory.run(Unknown Source)
	at java.base/java.security.AccessController.doPrivileged(AccessController.java:569)
	at org.apache.derby.impl.store.raw.data.BaseDataFileFactory.getJBMSLockOnDB(Unknown Source)
	at org.apache.derby.impl.store.raw.data.BaseDataFileFactory.boot(Unknown Source)
	at org.apache.derby.impl.services.monitor.BaseMonitor.boot(Unknown Source)
	at org.apache.derby.impl.services.monitor.TopService.bootModule(Unknown Source)
	at org.apache.derby.impl.services.monitor.BaseMonitor.startModule(Unknown Source)
	at org.apache.derby.impl.services.monitor.FileMonitor.startModule(Unknown Source)
	at org.apache.derby.iapi.services.monitor.Monitor.bootServiceModule(Unknown Source)
	at org.apache.derby.impl.store.raw.RawStore$6.run(Unknown Source)
	at java.base/java.security.AccessController.doPrivileged(AccessController.java:569)
	at org.apache.derby.impl.store.raw.RawStore.bootServiceModule(Unknown Source)
	at org.apache.derby.impl.store.raw.RawStore.boot(Unknown Source)
	at org.apache.derby.impl.services.monitor.BaseMonitor.boot(Unknown Source)
	at org.apache.derby.impl.services.monitor.TopService.bootModule(Unknown Source)
	at org.apache.derby.impl.services.monitor.BaseMonitor.startModule(Unknown Source)
	at org.apache.derby.impl.services.monitor.FileMonitor.startModule(Unknown Source)
	at org.apache.derby.iapi.services.monitor.Monitor.bootServiceModule(Unknown Source)
	at org.apache.derby.impl.store.access.RAMAccessManager$5.run(Unknown Source)
	at java.base/java.security.AccessController.doPrivileged(AccessController.java:569)
	at org.apache.derby.impl.store.access.RAMAccessManager.bootServiceModule(Unknown Source)
	at org.apache.derby.impl.store.access.RAMAccessManager.boot(Unknown Source)
	at org.apache.derby.impl.services.monitor.BaseMonitor.boot(Unknown Source)
	at org.apache.derby.impl.services.monitor.TopService.bootModule(Unknown Source)
	at org.apache.derby.impl.services.monitor.BaseMonitor.startModule(Unknown Source)
	at org.apache.derby.impl.services.monitor.FileMonitor.startModule(Unknown Source)
	at org.apache.derby.iapi.services.monitor.Monitor.bootServiceModule(Unknown Source)
	at org.apache.derby.impl.db.BasicDatabase$5.run(Unknown Source)
	at java.base/java.security.AccessController.doPrivileged(AccessController.java:569)
	at org.apache.derby.impl.db.BasicDatabase.bootServiceModule(Unknown Source)
	at org.apache.derby.impl.db.BasicDatabase.bootStore(Unknown Source)
	at org.apache.derby.impl.db.BasicDatabase.boot(Unknown Source)
	at org.apache.derby.impl.services.monitor.BaseMonitor.boot(Unknown Source)
	at org.apache.derby.impl.services.monitor.TopService.bootModule(Unknown Source)
	at org.apache.derby.impl.services.monitor.BaseMonitor.bootService(Unknown Source)
	at org.apache.derby.impl.services.monitor.BaseMonitor.startProviderService(Unknown Source)
	at org.apache.derby.impl.services.monitor.BaseMonitor.findProviderAndStartService(Unknown Source)
	at org.apache.derby.impl.services.monitor.BaseMonitor.startPersistentService(Unknown Source)
	at org.apache.derby.iapi.services.monitor.Monitor.startPersistentService(Unknown Source)
	at org.apache.derby.impl.jdbc.EmbedConnection$4.run(Unknown Source)
	at org.apache.derby.impl.jdbc.EmbedConnection$4.run(Unknown Source)
	at java.base/java.security.AccessController.doPrivileged(AccessController.java:569)
	at org.apache.derby.impl.jdbc.EmbedConnection.startPersistentService(Unknown Source)
	... 12 common frames omitted
2023-09-12 15:50:04,842 INFO notifyConnectTimeout:200

2023-09-12 15:50:04,844 INFO notifySocketTimeout:8000

2023-09-12 15:50:04,844 INFO isHealthCheck:true

2023-09-12 15:50:04,844 INFO maxHealthCheckFailCount:12

2023-09-12 15:50:04,844 INFO maxContent:10485760

2023-09-12 15:50:06,455 INFO use local db service for init

2023-09-12 15:50:07,576 ERROR Failed to start database '/Users/roway/Downloads/SpringCloudStudy-alibaba/nacos/data/derby-data' with class loader org.springframework.boot.loader.LaunchedURLClassLoader@3ffc5af1, see the next exception for details.

java.sql.SQLException: Failed to start database '/Users/roway/Downloads/SpringCloudStudy-alibaba/nacos/data/derby-data' with class loader org.springframework.boot.loader.LaunchedURLClassLoader@3ffc5af1, see the next exception for details.
	at org.apache.derby.impl.jdbc.SQLExceptionFactory.getSQLException(Unknown Source)
	at org.apache.derby.impl.jdbc.SQLExceptionFactory.getSQLException(Unknown Source)
	at org.apache.derby.impl.jdbc.Util.seeNextException(Unknown Source)
	at org.apache.derby.impl.jdbc.EmbedConnection.bootDatabase(Unknown Source)
	at org.apache.derby.impl.jdbc.EmbedConnection.<init>(Unknown Source)
	at org.apache.derby.jdbc.InternalDriver$1.run(Unknown Source)
	at org.apache.derby.jdbc.InternalDriver$1.run(Unknown Source)
	at java.base/java.security.AccessController.doPrivileged(AccessController.java:569)
	at org.apache.derby.jdbc.InternalDriver.getNewEmbedConnection(Unknown Source)
	at org.apache.derby.jdbc.InternalDriver$LoginCallable.call(Unknown Source)
	at org.apache.derby.jdbc.InternalDriver$LoginCallable.call(Unknown Source)
	at java.base/java.util.concurrent.FutureTask.run(FutureTask.java:264)
	at java.base/java.util.concurrent.ThreadPoolExecutor.runWorker(ThreadPoolExecutor.java:1136)
	at java.base/java.util.concurrent.ThreadPoolExecutor$Worker.run(ThreadPoolExecutor.java:635)
	at java.base/java.lang.Thread.run(Thread.java:833)
Caused by: org.apache.derby.iapi.error.StandardException: Failed to start database '/Users/roway/Downloads/SpringCloudStudy-alibaba/nacos/data/derby-data' with class loader org.springframework.boot.loader.LaunchedURLClassLoader@3ffc5af1, see the next exception for details.
	at org.apache.derby.iapi.error.StandardException.newException(Unknown Source)
	at org.apache.derby.impl.jdbc.SQLExceptionFactory.wrapArgsForTransportAcrossDRDA(Unknown Source)
	... 15 common frames omitted
Caused by: org.apache.derby.iapi.error.StandardException: Another instance of Derby may have already booted the database /Users/roway/Downloads/SpringCloudStudy-alibaba/nacos/data/derby-data.
	at org.apache.derby.iapi.error.StandardException.newException(Unknown Source)
	at org.apache.derby.iapi.error.StandardException.newException(Unknown Source)
	at org.apache.derby.impl.store.raw.data.BaseDataFileFactory.privGetJBMSLockOnDB(Unknown Source)
	at org.apache.derby.impl.store.raw.data.BaseDataFileFactory.run(Unknown Source)
	at java.base/java.security.AccessController.doPrivileged(AccessController.java:569)
	at org.apache.derby.impl.store.raw.data.BaseDataFileFactory.getJBMSLockOnDB(Unknown Source)
	at org.apache.derby.impl.store.raw.data.BaseDataFileFactory.boot(Unknown Source)
	at org.apache.derby.impl.services.monitor.BaseMonitor.boot(Unknown Source)
	at org.apache.derby.impl.services.monitor.TopService.bootModule(Unknown Source)
	at org.apache.derby.impl.services.monitor.BaseMonitor.startModule(Unknown Source)
	at org.apache.derby.impl.services.monitor.FileMonitor.startModule(Unknown Source)
	at org.apache.derby.iapi.services.monitor.Monitor.bootServiceModule(Unknown Source)
	at org.apache.derby.impl.store.raw.RawStore$6.run(Unknown Source)
	at java.base/java.security.AccessController.doPrivileged(AccessController.java:569)
	at org.apache.derby.impl.store.raw.RawStore.bootServiceModule(Unknown Source)
	at org.apache.derby.impl.store.raw.RawStore.boot(Unknown Source)
	at org.apache.derby.impl.services.monitor.BaseMonitor.boot(Unknown Source)
	at org.apache.derby.impl.services.monitor.TopService.bootModule(Unknown Source)
	at org.apache.derby.impl.services.monitor.BaseMonitor.startModule(Unknown Source)
	at org.apache.derby.impl.services.monitor.FileMonitor.startModule(Unknown Source)
	at org.apache.derby.iapi.services.monitor.Monitor.bootServiceModule(Unknown Source)
	at org.apache.derby.impl.store.access.RAMAccessManager$5.run(Unknown Source)
	at java.base/java.security.AccessController.doPrivileged(AccessController.java:569)
	at org.apache.derby.impl.store.access.RAMAccessManager.bootServiceModule(Unknown Source)
	at org.apache.derby.impl.store.access.RAMAccessManager.boot(Unknown Source)
	at org.apache.derby.impl.services.monitor.BaseMonitor.boot(Unknown Source)
	at org.apache.derby.impl.services.monitor.TopService.bootModule(Unknown Source)
	at org.apache.derby.impl.services.monitor.BaseMonitor.startModule(Unknown Source)
	at org.apache.derby.impl.services.monitor.FileMonitor.startModule(Unknown Source)
	at org.apache.derby.iapi.services.monitor.Monitor.bootServiceModule(Unknown Source)
	at org.apache.derby.impl.db.BasicDatabase$5.run(Unknown Source)
	at java.base/java.security.AccessController.doPrivileged(AccessController.java:569)
	at org.apache.derby.impl.db.BasicDatabase.bootServiceModule(Unknown Source)
	at org.apache.derby.impl.db.BasicDatabase.bootStore(Unknown Source)
	at org.apache.derby.impl.db.BasicDatabase.boot(Unknown Source)
	at org.apache.derby.impl.services.monitor.BaseMonitor.boot(Unknown Source)
	at org.apache.derby.impl.services.monitor.TopService.bootModule(Unknown Source)
	at org.apache.derby.impl.services.monitor.BaseMonitor.bootService(Unknown Source)
	at org.apache.derby.impl.services.monitor.BaseMonitor.startProviderService(Unknown Source)
	at org.apache.derby.impl.services.monitor.BaseMonitor.findProviderAndStartService(Unknown Source)
	at org.apache.derby.impl.services.monitor.BaseMonitor.startPersistentService(Unknown Source)
	at org.apache.derby.iapi.services.monitor.Monitor.startPersistentService(Unknown Source)
	at org.apache.derby.impl.jdbc.EmbedConnection$4.run(Unknown Source)
	at org.apache.derby.impl.jdbc.EmbedConnection$4.run(Unknown Source)
	at java.base/java.security.AccessController.doPrivileged(AccessController.java:569)
	at org.apache.derby.impl.jdbc.EmbedConnection.startPersistentService(Unknown Source)
	... 12 common frames omitted
2023-09-12 15:50:38,980 INFO notifyConnectTimeout:200

2023-09-12 15:50:38,988 INFO notifySocketTimeout:8000

2023-09-12 15:50:38,989 INFO isHealthCheck:true

2023-09-12 15:50:38,989 INFO maxHealthCheckFailCount:12

2023-09-12 15:50:38,989 INFO maxContent:10485760

2023-09-12 15:50:40,777 INFO use local db service for init

2023-09-12 15:50:41,045 WARN Lexical error at line 4, column 66.  Encountered: <EOF> after : "".

2023-09-12 15:50:41,050 WARN Syntax error: Encountered "*" at line 1, column 1.

2023-09-12 15:50:41,076 WARN Table/View 'CONFIG_INFO' already exists in Schema 'NACOS'.

2023-09-12 15:50:41,103 WARN Table/View 'HIS_CONFIG_INFO' already exists in Schema 'NACOS'.

2023-09-12 15:50:41,120 WARN Table/View 'CONFIG_INFO_BETA' already exists in Schema 'NACOS'.

2023-09-12 15:50:41,125 WARN Table/View 'CONFIG_INFO_TAG' already exists in Schema 'NACOS'.

2023-09-12 15:50:41,129 WARN Table/View 'CONFIG_INFO_AGGR' already exists in Schema 'NACOS'.

2023-09-12 15:50:41,133 WARN Table/View 'APP_LIST' already exists in Schema 'NACOS'.

2023-09-12 15:50:41,136 WARN Table/View 'APP_CONFIGDATA_RELATION_SUBS' already exists in Schema 'NACOS'.

2023-09-12 15:50:41,139 WARN Table/View 'APP_CONFIGDATA_RELATION_PUBS' already exists in Schema 'NACOS'.

2023-09-12 15:50:41,142 WARN Table/View 'CONFIG_TAGS_RELATION' already exists in Schema 'NACOS'.

2023-09-12 15:50:41,147 WARN Table/View 'GROUP_CAPACITY' already exists in Schema 'NACOS'.

2023-09-12 15:50:41,152 WARN Table/View 'TENANT_CAPACITY' already exists in Schema 'NACOS'.

2023-09-12 15:50:41,155 WARN Table/View 'TENANT_INFO' already exists in Schema 'NACOS'.

2023-09-12 15:50:41,162 WARN Table/View 'USERS' already exists in Schema 'NACOS'.

2023-09-12 15:50:41,165 WARN Table/View 'ROLES' already exists in Schema 'NACOS'.

2023-09-12 15:50:41,167 WARN Table/View 'PERMISSIONS' already exists in Schema 'NACOS'.

2023-09-12 15:50:41,204 WARN The statement was aborted because it would have caused a duplicate key value in a unique or primary key constraint or unique index identified by 'SQL230912150455582' defined on 'USERS'.

2023-09-12 15:50:41,210 WARN The statement was aborted because it would have caused a duplicate key value in a unique or primary key constraint or unique index identified by 'UK_USERNAME_ROLE' defined on 'ROLES'.

2023-09-12 15:50:41,211 WARN Lexical error at line 4, column 13.  Encountered: "`" (96), after : "".

2023-09-12 15:50:41,211 WARN Lexical error at line 1, column 13.  Encountered: "`" (96), after : "".

2023-09-12 15:50:41,212 WARN Lexical error at line 1, column 13.  Encountered: "`" (96), after : "".

2023-09-12 15:50:41,212 WARN Lexical error at line 1, column 13.  Encountered: "`" (96), after : "".

2023-09-12 15:50:41,212 INFO use StandaloneDatabaseOperateImpl

2023-09-12 15:50:41,747 WARN DumpService start

2023-09-12 15:50:41,748 INFO start clear all config-info.

2023-09-12 15:50:41,749 WARN clear all config-info failed.

2023-09-12 15:50:41,749 WARN clear all config-info-tenant failed.

2023-09-12 15:50:41,769 INFO start clear all config-info-beta.

2023-09-12 15:50:41,769 WARN clear all config-info-beta failed.

2023-09-12 15:50:41,769 WARN clear all config-info-beta-tenant failed.

2023-09-12 15:50:41,776 INFO start clear all config-info-tag.

2023-09-12 15:50:41,776 WARN clear all config-info-tag failed.

2023-09-12 15:50:41,776 WARN clear all config-info-tag-tenant failed.

2023-09-12 15:55:48,105 INFO notifyConnectTimeout:200

2023-09-12 15:55:48,107 INFO notifySocketTimeout:8000

2023-09-12 15:55:48,107 INFO isHealthCheck:true

2023-09-12 15:55:48,107 INFO maxHealthCheckFailCount:12

2023-09-12 15:55:48,107 INFO maxContent:10485760

2023-09-12 15:55:49,962 INFO use local db service for init

2023-09-12 15:55:51,091 ERROR Failed to start database '/Users/roway/Downloads/SpringCloudStudy-alibaba/nacos/data/derby-data' with class loader org.springframework.boot.loader.LaunchedURLClassLoader@3ffc5af1, see the next exception for details.

java.sql.SQLException: Failed to start database '/Users/roway/Downloads/SpringCloudStudy-alibaba/nacos/data/derby-data' with class loader org.springframework.boot.loader.LaunchedURLClassLoader@3ffc5af1, see the next exception for details.
	at org.apache.derby.impl.jdbc.SQLExceptionFactory.getSQLException(Unknown Source)
	at org.apache.derby.impl.jdbc.SQLExceptionFactory.getSQLException(Unknown Source)
	at org.apache.derby.impl.jdbc.Util.seeNextException(Unknown Source)
	at org.apache.derby.impl.jdbc.EmbedConnection.bootDatabase(Unknown Source)
	at org.apache.derby.impl.jdbc.EmbedConnection.<init>(Unknown Source)
	at org.apache.derby.jdbc.InternalDriver$1.run(Unknown Source)
	at org.apache.derby.jdbc.InternalDriver$1.run(Unknown Source)
	at java.base/java.security.AccessController.doPrivileged(AccessController.java:569)
	at org.apache.derby.jdbc.InternalDriver.getNewEmbedConnection(Unknown Source)
	at org.apache.derby.jdbc.InternalDriver$LoginCallable.call(Unknown Source)
	at org.apache.derby.jdbc.InternalDriver$LoginCallable.call(Unknown Source)
	at java.base/java.util.concurrent.FutureTask.run(FutureTask.java:264)
	at java.base/java.util.concurrent.ThreadPoolExecutor.runWorker(ThreadPoolExecutor.java:1136)
	at java.base/java.util.concurrent.ThreadPoolExecutor$Worker.run(ThreadPoolExecutor.java:635)
	at java.base/java.lang.Thread.run(Thread.java:833)
Caused by: org.apache.derby.iapi.error.StandardException: Failed to start database '/Users/roway/Downloads/SpringCloudStudy-alibaba/nacos/data/derby-data' with class loader org.springframework.boot.loader.LaunchedURLClassLoader@3ffc5af1, see the next exception for details.
	at org.apache.derby.iapi.error.StandardException.newException(Unknown Source)
	at org.apache.derby.impl.jdbc.SQLExceptionFactory.wrapArgsForTransportAcrossDRDA(Unknown Source)
	... 15 common frames omitted
Caused by: org.apache.derby.iapi.error.StandardException: Another instance of Derby may have already booted the database /Users/roway/Downloads/SpringCloudStudy-alibaba/nacos/data/derby-data.
	at org.apache.derby.iapi.error.StandardException.newException(Unknown Source)
	at org.apache.derby.iapi.error.StandardException.newException(Unknown Source)
	at org.apache.derby.impl.store.raw.data.BaseDataFileFactory.privGetJBMSLockOnDB(Unknown Source)
	at org.apache.derby.impl.store.raw.data.BaseDataFileFactory.run(Unknown Source)
	at java.base/java.security.AccessController.doPrivileged(AccessController.java:569)
	at org.apache.derby.impl.store.raw.data.BaseDataFileFactory.getJBMSLockOnDB(Unknown Source)
	at org.apache.derby.impl.store.raw.data.BaseDataFileFactory.boot(Unknown Source)
	at org.apache.derby.impl.services.monitor.BaseMonitor.boot(Unknown Source)
	at org.apache.derby.impl.services.monitor.TopService.bootModule(Unknown Source)
	at org.apache.derby.impl.services.monitor.BaseMonitor.startModule(Unknown Source)
	at org.apache.derby.impl.services.monitor.FileMonitor.startModule(Unknown Source)
	at org.apache.derby.iapi.services.monitor.Monitor.bootServiceModule(Unknown Source)
	at org.apache.derby.impl.store.raw.RawStore$6.run(Unknown Source)
	at java.base/java.security.AccessController.doPrivileged(AccessController.java:569)
	at org.apache.derby.impl.store.raw.RawStore.bootServiceModule(Unknown Source)
	at org.apache.derby.impl.store.raw.RawStore.boot(Unknown Source)
	at org.apache.derby.impl.services.monitor.BaseMonitor.boot(Unknown Source)
	at org.apache.derby.impl.services.monitor.TopService.bootModule(Unknown Source)
	at org.apache.derby.impl.services.monitor.BaseMonitor.startModule(Unknown Source)
	at org.apache.derby.impl.services.monitor.FileMonitor.startModule(Unknown Source)
	at org.apache.derby.iapi.services.monitor.Monitor.bootServiceModule(Unknown Source)
	at org.apache.derby.impl.store.access.RAMAccessManager$5.run(Unknown Source)
	at java.base/java.security.AccessController.doPrivileged(AccessController.java:569)
	at org.apache.derby.impl.store.access.RAMAccessManager.bootServiceModule(Unknown Source)
	at org.apache.derby.impl.store.access.RAMAccessManager.boot(Unknown Source)
	at org.apache.derby.impl.services.monitor.BaseMonitor.boot(Unknown Source)
	at org.apache.derby.impl.services.monitor.TopService.bootModule(Unknown Source)
	at org.apache.derby.impl.services.monitor.BaseMonitor.startModule(Unknown Source)
	at org.apache.derby.impl.services.monitor.FileMonitor.startModule(Unknown Source)
	at org.apache.derby.iapi.services.monitor.Monitor.bootServiceModule(Unknown Source)
	at org.apache.derby.impl.db.BasicDatabase$5.run(Unknown Source)
	at java.base/java.security.AccessController.doPrivileged(AccessController.java:569)
	at org.apache.derby.impl.db.BasicDatabase.bootServiceModule(Unknown Source)
	at org.apache.derby.impl.db.BasicDatabase.bootStore(Unknown Source)
	at org.apache.derby.impl.db.BasicDatabase.boot(Unknown Source)
	at org.apache.derby.impl.services.monitor.BaseMonitor.boot(Unknown Source)
	at org.apache.derby.impl.services.monitor.TopService.bootModule(Unknown Source)
	at org.apache.derby.impl.services.monitor.BaseMonitor.bootService(Unknown Source)
	at org.apache.derby.impl.services.monitor.BaseMonitor.startProviderService(Unknown Source)
	at org.apache.derby.impl.services.monitor.BaseMonitor.findProviderAndStartService(Unknown Source)
	at org.apache.derby.impl.services.monitor.BaseMonitor.startPersistentService(Unknown Source)
	at org.apache.derby.iapi.services.monitor.Monitor.startPersistentService(Unknown Source)
	at org.apache.derby.impl.jdbc.EmbedConnection$4.run(Unknown Source)
	at org.apache.derby.impl.jdbc.EmbedConnection$4.run(Unknown Source)
	at java.base/java.security.AccessController.doPrivileged(AccessController.java:569)
	at org.apache.derby.impl.jdbc.EmbedConnection.startPersistentService(Unknown Source)
	... 12 common frames omitted
2023-09-12 15:56:41,935 INFO notifyConnectTimeout:200

2023-09-12 15:56:41,938 INFO notifySocketTimeout:8000

2023-09-12 15:56:41,938 INFO isHealthCheck:true

2023-09-12 15:56:41,938 INFO maxHealthCheckFailCount:12

2023-09-12 15:56:41,939 INFO maxContent:10485760

2023-09-12 15:56:43,627 INFO use local db service for init

2023-09-12 15:56:43,880 WARN Lexical error at line 4, column 66.  Encountered: <EOF> after : "".

2023-09-12 15:56:43,885 WARN Syntax error: Encountered "*" at line 1, column 1.

2023-09-12 15:56:43,910 WARN Table/View 'CONFIG_INFO' already exists in Schema 'NACOS'.

2023-09-12 15:56:43,934 WARN Table/View 'HIS_CONFIG_INFO' already exists in Schema 'NACOS'.

2023-09-12 15:56:43,947 WARN Table/View 'CONFIG_INFO_BETA' already exists in Schema 'NACOS'.

2023-09-12 15:56:43,949 WARN Table/View 'CONFIG_INFO_TAG' already exists in Schema 'NACOS'.

2023-09-12 15:56:43,955 WARN Table/View 'CONFIG_INFO_AGGR' already exists in Schema 'NACOS'.

2023-09-12 15:56:43,959 WARN Table/View 'APP_LIST' already exists in Schema 'NACOS'.

2023-09-12 15:56:43,964 WARN Table/View 'APP_CONFIGDATA_RELATION_SUBS' already exists in Schema 'NACOS'.

2023-09-12 15:56:43,967 WARN Table/View 'APP_CONFIGDATA_RELATION_PUBS' already exists in Schema 'NACOS'.

2023-09-12 15:56:43,970 WARN Table/View 'CONFIG_TAGS_RELATION' already exists in Schema 'NACOS'.

2023-09-12 15:56:43,975 WARN Table/View 'GROUP_CAPACITY' already exists in Schema 'NACOS'.

2023-09-12 15:56:43,980 WARN Table/View 'TENANT_CAPACITY' already exists in Schema 'NACOS'.

2023-09-12 15:56:43,983 WARN Table/View 'TENANT_INFO' already exists in Schema 'NACOS'.

2023-09-12 15:56:43,989 WARN Table/View 'USERS' already exists in Schema 'NACOS'.

2023-09-12 15:56:43,992 WARN Table/View 'ROLES' already exists in Schema 'NACOS'.

2023-09-12 15:56:43,995 WARN Table/View 'PERMISSIONS' already exists in Schema 'NACOS'.

2023-09-12 15:56:44,027 WARN The statement was aborted because it would have caused a duplicate key value in a unique or primary key constraint or unique index identified by 'SQL230912150455582' defined on 'USERS'.

2023-09-12 15:56:44,030 WARN The statement was aborted because it would have caused a duplicate key value in a unique or primary key constraint or unique index identified by 'UK_USERNAME_ROLE' defined on 'ROLES'.

2023-09-12 15:56:44,031 WARN Lexical error at line 4, column 13.  Encountered: "`" (96), after : "".

2023-09-12 15:56:44,031 WARN Lexical error at line 1, column 13.  Encountered: "`" (96), after : "".

2023-09-12 15:56:44,031 WARN Lexical error at line 1, column 13.  Encountered: "`" (96), after : "".

2023-09-12 15:56:44,031 WARN Lexical error at line 1, column 13.  Encountered: "`" (96), after : "".

2023-09-12 15:56:44,031 INFO use StandaloneDatabaseOperateImpl

2023-09-12 15:56:44,571 WARN DumpService start

2023-09-12 15:56:44,571 INFO start clear all config-info.

2023-09-12 15:56:44,572 WARN clear all config-info failed.

2023-09-12 15:56:44,572 WARN clear all config-info-tenant failed.

2023-09-12 15:56:44,594 INFO start clear all config-info-beta.

2023-09-12 15:56:44,594 WARN clear all config-info-beta failed.

2023-09-12 15:56:44,594 WARN clear all config-info-beta-tenant failed.

2023-09-12 15:56:44,601 INFO start clear all config-info-tag.

2023-09-12 15:56:44,601 WARN clear all config-info-tag failed.

2023-09-12 15:56:44,601 WARN clear all config-info-tag-tenant failed.

