2023-09-12 15:05:26,182 INFO PERFORMANCE:|0|0|-1|-1

2023-09-12 15:21:27,015 INFO PERFORMANCE:|0|0|-1|-1

2023-09-12 15:26:27,011 INFO PERFORMANCE:|0|0|-1|-1

2023-09-12 15:31:27,008 INFO PERFORMANCE:|0|0|-1|-1

2023-09-12 15:36:27,005 INFO PERFORMANCE:|0|0|-1|-1

2023-09-12 15:41:27,004 INFO PERFORMANCE:|0|0|-1|-1

2023-09-12 15:46:27,053 INFO PERFORMANCE:|0|0|-1|-1

2023-09-12 15:51:11,800 INFO PERFORMANCE:|0|0|-1|-1

2023-09-12 15:57:14,625 INFO PERFORMANCE:|0|0|-1|-1

2023-09-12 16:02:14,625 INFO PERFORMANCE:|0|0|-1|-1

2023-09-12 16:07:14,625 INFO PERFORMANCE:|0|0|-1|-1

2023-09-12 16:12:14,624 INFO PERFORMANCE:|0|0|-1|-1

2023-09-12 16:17:14,623 INFO PERFORMANCE:|0|0|-1|-1

2023-09-12 16:22:14,617 INFO PERFORMANCE:|0|0|-1|-1

2023-09-12 16:27:14,616 INFO PERFORMANCE:|0|0|-1|-1

2023-09-12 16:32:14,611 INFO PERFORMANCE:|0|0|-1|-1

2023-09-12 16:37:14,609 INFO PERFORMANCE:|1|1|-1|-1

2023-09-12 16:42:14,607 INFO PERFORMANCE:|1|1|-1|-1

2023-09-12 16:47:14,529 INFO PERFORMANCE:|1|1|-1|-1

2023-09-12 16:52:14,522 INFO PERFORMANCE:|1|1|-1|-1

2023-09-12 16:57:14,518 INFO PERFORMANCE:|2|2|2|2

2023-09-12 17:02:14,505 INFO PERFORMANCE:|3|3|-1|-1

2023-09-12 17:07:14,499 INFO PERFORMANCE:|3|3|-1|-1

2023-09-12 17:12:14,492 INFO PERFORMANCE:|3|3|-1|-1

2023-09-12 17:17:14,487 INFO PERFORMANCE:|3|3|-1|-1

2023-09-12 17:22:14,479 INFO PERFORMANCE:|3|3|-1|-1

2023-09-12 17:27:14,471 INFO PERFORMANCE:|3|3|-1|-1

2023-09-12 17:32:14,500 INFO PERFORMANCE:|3|3|-1|-1

2023-09-12 17:37:14,492 INFO PERFORMANCE:|3|3|-1|-1

