2023-09-12 15:04:55,807 INFO GlobalConfig{taskDispatchPeriod=2000, batchSyncKeyCount=1000, syncRetryDelay=5000, dataWarmup=false, expireInstance=true, loadDataRetryDelayMillis=30000}

2023-09-12 15:04:56,084 INFO open empty service auto clean job, initialDelay : 50000 ms, period : 30000 ms

2023-09-12 15:04:56,084 INFO listen for service meta change

2023-09-12 15:05:00,799 INFO [NACOS-DISTRO] healthy server list changed, old: [172.18.94.177:8848], new: [172.18.94.177:8848]

2023-09-12 15:07:25,711 WARN [NamingServerHttpClientManager] Start destroying HTTP-Client

2023-09-12 15:07:25,712 WARN [NamingServerHttpClientManager] Destruction of the end

2023-09-12 15:07:38,355 ERROR [HEALTH-CHECK] error while processing NIO task

java.lang.InterruptedException: null
	at java.base/java.util.concurrent.locks.AbstractQueuedSynchronizer$ConditionObject.awaitNanos(AbstractQueuedSynchronizer.java:1679)
	at java.base/java.util.concurrent.LinkedBlockingQueue.poll(LinkedBlockingQueue.java:460)
	at com.alibaba.nacos.naming.healthcheck.TcpSuperSenseProcessor.processTask(TcpSuperSenseProcessor.java:137)
	at com.alibaba.nacos.naming.healthcheck.TcpSuperSenseProcessor.run(TcpSuperSenseProcessor.java:154)
	at java.base/java.util.concurrent.Executors$RunnableAdapter.call(Executors.java:539)
	at java.base/java.util.concurrent.FutureTask.run(FutureTask.java:264)
	at java.base/java.util.concurrent.ScheduledThreadPoolExecutor$ScheduledFutureTask.run(ScheduledThreadPoolExecutor.java:304)
	at java.base/java.util.concurrent.ThreadPoolExecutor.runWorker(ThreadPoolExecutor.java:1136)
	at java.base/java.util.concurrent.ThreadPoolExecutor$Worker.run(ThreadPoolExecutor.java:635)
	at java.base/java.lang.Thread.run(Thread.java:833)
2023-09-12 15:20:56,656 INFO GlobalConfig{taskDispatchPeriod=2000, batchSyncKeyCount=1000, syncRetryDelay=5000, dataWarmup=false, expireInstance=true, loadDataRetryDelayMillis=30000}

2023-09-12 15:20:56,917 INFO open empty service auto clean job, initialDelay : 50000 ms, period : 30000 ms

2023-09-12 15:20:56,917 INFO listen for service meta change

2023-09-12 15:21:01,652 INFO [NACOS-DISTRO] healthy server list changed, old: [172.18.94.177:8848], new: [172.18.94.177:8848]

2023-09-12 15:50:21,847 WARN [NamingServerHttpClientManager] Start destroying HTTP-Client

2023-09-12 15:50:21,852 WARN [NamingServerHttpClientManager] Destruction of the end

2023-09-12 15:50:24,864 ERROR [HEALTH-CHECK] error while processing NIO task

java.lang.InterruptedException: null
	at java.base/java.util.concurrent.locks.AbstractQueuedSynchronizer$ConditionObject.awaitNanos(AbstractQueuedSynchronizer.java:1679)
	at java.base/java.util.concurrent.LinkedBlockingQueue.poll(LinkedBlockingQueue.java:460)
	at com.alibaba.nacos.naming.healthcheck.TcpSuperSenseProcessor.processTask(TcpSuperSenseProcessor.java:137)
	at com.alibaba.nacos.naming.healthcheck.TcpSuperSenseProcessor.run(TcpSuperSenseProcessor.java:154)
	at java.base/java.util.concurrent.Executors$RunnableAdapter.call(Executors.java:539)
	at java.base/java.util.concurrent.FutureTask.run(FutureTask.java:264)
	at java.base/java.util.concurrent.ScheduledThreadPoolExecutor$ScheduledFutureTask.run(ScheduledThreadPoolExecutor.java:304)
	at java.base/java.util.concurrent.ThreadPoolExecutor.runWorker(ThreadPoolExecutor.java:1136)
	at java.base/java.util.concurrent.ThreadPoolExecutor$Worker.run(ThreadPoolExecutor.java:635)
	at java.base/java.lang.Thread.run(Thread.java:833)
2023-09-12 15:50:41,402 INFO GlobalConfig{taskDispatchPeriod=2000, batchSyncKeyCount=1000, syncRetryDelay=5000, dataWarmup=false, expireInstance=true, loadDataRetryDelayMillis=30000}

2023-09-12 15:50:41,695 INFO open empty service auto clean job, initialDelay : 50000 ms, period : 30000 ms

2023-09-12 15:50:41,696 INFO listen for service meta change

2023-09-12 15:50:46,396 INFO [NACOS-DISTRO] healthy server list changed, old: [172.18.94.177:8848], new: [172.18.94.177:8848]

2023-09-12 15:55:44,918 WARN [NamingServerHttpClientManager] Start destroying HTTP-Client

2023-09-12 15:55:44,920 WARN [NamingServerHttpClientManager] Destruction of the end

2023-09-12 15:55:54,905 ERROR [HEALTH-CHECK] error while processing NIO task

java.lang.InterruptedException: null
	at java.base/java.util.concurrent.locks.AbstractQueuedSynchronizer$ConditionObject.awaitNanos(AbstractQueuedSynchronizer.java:1679)
	at java.base/java.util.concurrent.LinkedBlockingQueue.poll(LinkedBlockingQueue.java:460)
	at com.alibaba.nacos.naming.healthcheck.TcpSuperSenseProcessor.processTask(TcpSuperSenseProcessor.java:137)
	at com.alibaba.nacos.naming.healthcheck.TcpSuperSenseProcessor.run(TcpSuperSenseProcessor.java:154)
	at java.base/java.util.concurrent.Executors$RunnableAdapter.call(Executors.java:539)
	at java.base/java.util.concurrent.FutureTask.run(FutureTask.java:264)
	at java.base/java.util.concurrent.ScheduledThreadPoolExecutor$ScheduledFutureTask.run(ScheduledThreadPoolExecutor.java:304)
	at java.base/java.util.concurrent.ThreadPoolExecutor.runWorker(ThreadPoolExecutor.java:1136)
	at java.base/java.util.concurrent.ThreadPoolExecutor$Worker.run(ThreadPoolExecutor.java:635)
	at java.base/java.lang.Thread.run(Thread.java:833)
2023-09-12 15:56:44,205 INFO GlobalConfig{taskDispatchPeriod=2000, batchSyncKeyCount=1000, syncRetryDelay=5000, dataWarmup=false, expireInstance=true, loadDataRetryDelayMillis=30000}

2023-09-12 15:56:44,519 INFO open empty service auto clean job, initialDelay : 50000 ms, period : 30000 ms

2023-09-12 15:56:44,521 INFO listen for service meta change

2023-09-12 15:56:49,201 INFO [NACOS-DISTRO] healthy server list changed, old: [172.18.94.177:8848], new: [172.18.94.177:8848]

2023-09-12 16:35:05,478 INFO creating empty service public:DEFAULT_GROUP@@book-service

2023-09-12 16:35:05,553 INFO [NEW-SERVICE] {"name":"DEFAULT_GROUP@@book-service","protectThreshold":0.0,"groupName":"DEFAULT_GROUP","metadata":{},"finalizeCount":0,"owners":[],"resetWeight":false,"enabled":true,"selector":{"type":"none"},"namespaceId":"public","ipDeleteTimeout":30000,"lastModifiedMillis":1694507705479,"checksum":"f03a1b2b162d456b2c2c90663552a092","clusterMap":{},"empty":true}

2023-09-12 16:35:05,555 WARN cluster: DEFAULT not found, ip: {"instanceId":"172.18.94.177#8101#DEFAULT#DEFAULT_GROUP@@book-service","ip":"172.18.94.177","port":8101,"weight":1.0,"healthy":true,"enabled":true,"ephemeral":true,"clusterName":"DEFAULT","serviceName":"DEFAULT_GROUP@@book-service","metadata":{"preserved.register.source":"SPRING_CLOUD"},"lastBeat":1694507705472,"marked":false,"app":"unknown","instanceHeartBeatInterval":5000,"instanceHeartBeatTimeOut":15000,"ipDeleteTimeout":30000}, will create new cluster with default configuration.

2023-09-12 16:35:05,558 INFO [NACOS-RAFT] datum is changed, key: com.alibaba.nacos.naming.iplist.ephemeral.public##DEFAULT_GROUP@@book-service, value: {"instanceList":[{"instanceId":"172.18.94.177#8101#DEFAULT#DEFAULT_GROUP@@book-service","ip":"172.18.94.177","port":8101,"weight":1.0,"healthy":true,"enabled":true,"ephemeral":true,"clusterName":"DEFAULT","serviceName":"DEFAULT_GROUP@@book-service","metadata":{"preserved.register.source":"SPRING_CLOUD"},"lastBeat":1694507705472,"marked":false,"app":"unknown","instanceHeartBeatInterval":5000,"instanceHeartBeatTimeOut":15000,"ipDeleteTimeout":30000}]}

2023-09-12 16:57:10,487 INFO creating empty service public:DEFAULT_GROUP@@borrow-service

2023-09-12 16:57:10,488 INFO [NEW-SERVICE] {"name":"DEFAULT_GROUP@@borrow-service","protectThreshold":0.0,"groupName":"DEFAULT_GROUP","metadata":{},"finalizeCount":0,"owners":[],"resetWeight":false,"enabled":true,"selector":{"type":"none"},"namespaceId":"public","ipDeleteTimeout":30000,"lastModifiedMillis":1694509030487,"checksum":"cb61b5ffaf9675b5ebd89b5e07ff4b01","clusterMap":{},"empty":true}

2023-09-12 16:57:10,488 WARN cluster: DEFAULT not found, ip: {"instanceId":"172.18.94.177#8201#DEFAULT#DEFAULT_GROUP@@borrow-service","ip":"172.18.94.177","port":8201,"weight":1.0,"healthy":true,"enabled":true,"ephemeral":true,"clusterName":"DEFAULT","serviceName":"DEFAULT_GROUP@@borrow-service","metadata":{"preserved.register.source":"SPRING_CLOUD"},"lastBeat":1694509030487,"marked":false,"app":"unknown","instanceHeartBeatInterval":5000,"instanceHeartBeatTimeOut":15000,"ipDeleteTimeout":30000}, will create new cluster with default configuration.

2023-09-12 16:57:10,488 INFO [NACOS-RAFT] datum is changed, key: com.alibaba.nacos.naming.iplist.ephemeral.public##DEFAULT_GROUP@@borrow-service, value: {"instanceList":[{"instanceId":"172.18.94.177#8201#DEFAULT#DEFAULT_GROUP@@borrow-service","ip":"172.18.94.177","port":8201,"weight":1.0,"healthy":true,"enabled":true,"ephemeral":true,"clusterName":"DEFAULT","serviceName":"DEFAULT_GROUP@@borrow-service","metadata":{"preserved.register.source":"SPRING_CLOUD"},"lastBeat":1694509030487,"marked":false,"app":"unknown","instanceHeartBeatInterval":5000,"instanceHeartBeatTimeOut":15000,"ipDeleteTimeout":30000}]}

2023-09-12 16:57:17,137 INFO creating empty service public:DEFAULT_GROUP@@user-service

2023-09-12 16:57:17,138 INFO [NEW-SERVICE] {"name":"DEFAULT_GROUP@@user-service","protectThreshold":0.0,"groupName":"DEFAULT_GROUP","metadata":{},"finalizeCount":0,"owners":[],"resetWeight":false,"enabled":true,"selector":{"type":"none"},"namespaceId":"public","ipDeleteTimeout":30000,"lastModifiedMillis":1694509037137,"checksum":"09c170b3683511203520dbf5dfc1a330","clusterMap":{},"empty":true}

2023-09-12 16:57:17,138 WARN cluster: DEFAULT not found, ip: {"instanceId":"172.18.94.177#8301#DEFAULT#DEFAULT_GROUP@@user-service","ip":"172.18.94.177","port":8301,"weight":1.0,"healthy":true,"enabled":true,"ephemeral":true,"clusterName":"DEFAULT","serviceName":"DEFAULT_GROUP@@user-service","metadata":{"preserved.register.source":"SPRING_CLOUD"},"lastBeat":1694509037137,"marked":false,"app":"unknown","instanceHeartBeatInterval":5000,"instanceHeartBeatTimeOut":15000,"ipDeleteTimeout":30000}, will create new cluster with default configuration.

2023-09-12 16:57:17,138 INFO [NACOS-RAFT] datum is changed, key: com.alibaba.nacos.naming.iplist.ephemeral.public##DEFAULT_GROUP@@user-service, value: {"instanceList":[{"instanceId":"172.18.94.177#8301#DEFAULT#DEFAULT_GROUP@@user-service","ip":"172.18.94.177","port":8301,"weight":1.0,"healthy":true,"enabled":true,"ephemeral":true,"clusterName":"DEFAULT","serviceName":"DEFAULT_GROUP@@user-service","metadata":{"preserved.register.source":"SPRING_CLOUD"},"lastBeat":1694509037137,"marked":false,"app":"unknown","instanceHeartBeatInterval":5000,"instanceHeartBeatTimeOut":15000,"ipDeleteTimeout":30000}]}

2023-09-12 17:24:02,374 INFO [NACOS-RAFT] datum is changed, key: com.alibaba.nacos.naming.iplist.ephemeral.public##DEFAULT_GROUP@@borrow-service, value: {"instanceList":[]}

2023-09-12 17:24:11,434 INFO [NACOS-RAFT] datum is changed, key: com.alibaba.nacos.naming.iplist.ephemeral.public##DEFAULT_GROUP@@borrow-service, value: {"instanceList":[{"instanceId":"172.18.94.177#8201#DEFAULT#DEFAULT_GROUP@@borrow-service","ip":"172.18.94.177","port":8201,"weight":1.0,"healthy":true,"enabled":true,"ephemeral":true,"clusterName":"DEFAULT","serviceName":"DEFAULT_GROUP@@borrow-service","metadata":{"preserved.register.source":"SPRING_CLOUD"},"lastBeat":1694510651434,"marked":false,"app":"unknown","instanceHeartBeatInterval":5000,"instanceHeartBeatTimeOut":15000,"ipDeleteTimeout":30000}]}

2023-09-12 17:29:02,831 INFO [NACOS-RAFT] datum is changed, key: com.alibaba.nacos.naming.iplist.ephemeral.public##DEFAULT_GROUP@@borrow-service, value: {"instanceList":[]}

2023-09-12 17:29:14,986 INFO [NACOS-RAFT] datum is changed, key: com.alibaba.nacos.naming.iplist.ephemeral.public##DEFAULT_GROUP@@borrow-service, value: {"instanceList":[{"instanceId":"172.18.94.177#8201#DEFAULT#DEFAULT_GROUP@@borrow-service","ip":"172.18.94.177","port":8201,"weight":1.0,"healthy":true,"enabled":true,"ephemeral":true,"clusterName":"DEFAULT","serviceName":"DEFAULT_GROUP@@borrow-service","metadata":{"preserved.register.source":"SPRING_CLOUD"},"lastBeat":1694510954986,"marked":false,"app":"unknown","instanceHeartBeatInterval":5000,"instanceHeartBeatTimeOut":15000,"ipDeleteTimeout":30000}]}

2023-09-12 17:33:00,713 INFO [NACOS-RAFT] datum is changed, key: com.alibaba.nacos.naming.iplist.ephemeral.public##DEFAULT_GROUP@@borrow-service, value: {"instanceList":[]}

2023-09-12 17:33:12,926 INFO [NACOS-RAFT] datum is changed, key: com.alibaba.nacos.naming.iplist.ephemeral.public##DEFAULT_GROUP@@borrow-service, value: {"instanceList":[{"instanceId":"172.18.94.177#8201#DEFAULT#DEFAULT_GROUP@@borrow-service","ip":"172.18.94.177","port":8201,"weight":1.0,"healthy":true,"enabled":true,"ephemeral":true,"clusterName":"DEFAULT","serviceName":"DEFAULT_GROUP@@borrow-service","metadata":{"preserved.register.source":"SPRING_CLOUD"},"lastBeat":1694511192926,"marked":false,"app":"unknown","instanceHeartBeatInterval":5000,"instanceHeartBeatTimeOut":15000,"ipDeleteTimeout":30000}]}

2023-09-12 17:39:49,687 INFO [NACOS-RAFT] datum is changed, key: com.alibaba.nacos.naming.iplist.ephemeral.public##DEFAULT_GROUP@@book-service, value: {"instanceList":[]}

2023-09-12 17:40:04,252 INFO [NACOS-RAFT] datum is changed, key: com.alibaba.nacos.naming.iplist.ephemeral.public##DEFAULT_GROUP@@borrow-service, value: {"instanceList":[]}

2023-09-12 17:40:16,174 INFO [NACOS-RAFT] datum is changed, key: com.alibaba.nacos.naming.iplist.ephemeral.public##DEFAULT_GROUP@@user-service, value: {"instanceList":[]}

2023-09-12 17:40:23,715 WARN [NamingServerHttpClientManager] Start destroying HTTP-Client

2023-09-12 17:40:23,720 WARN [NamingServerHttpClientManager] Destruction of the end

2023-09-12 17:40:23,820 WARN Exception while processing client beat time out.

java.lang.IllegalStateException: org.springframework.boot.web.servlet.context.AnnotationConfigServletWebServerApplicationContext@53976f5c has been closed already
	at org.springframework.context.support.AbstractApplicationContext.assertBeanFactoryActive(AbstractApplicationContext.java:1090)
	at org.springframework.context.support.AbstractApplicationContext.getBean(AbstractApplicationContext.java:1123)
	at com.alibaba.nacos.sys.utils.ApplicationUtils.getBean(ApplicationUtils.java:140)
	at com.alibaba.nacos.naming.healthcheck.ClientBeatCheckTask.getDistroMapper(ClientBeatCheckTask.java:61)
	at com.alibaba.nacos.naming.healthcheck.ClientBeatCheckTask.run(ClientBeatCheckTask.java:79)
	at java.base/java.util.concurrent.Executors$RunnableAdapter.call(Executors.java:539)
	at java.base/java.util.concurrent.FutureTask.runAndReset(FutureTask.java:305)
	at java.base/java.util.concurrent.ScheduledThreadPoolExecutor$ScheduledFutureTask.run(ScheduledThreadPoolExecutor.java:305)
	at java.base/java.util.concurrent.ThreadPoolExecutor.runWorker(ThreadPoolExecutor.java:1136)
	at java.base/java.util.concurrent.ThreadPoolExecutor$Worker.run(ThreadPoolExecutor.java:635)
	at java.base/java.lang.Thread.run(Thread.java:833)
2023-09-12 17:40:27,234 WARN Exception while processing client beat time out.

java.lang.IllegalStateException: org.springframework.boot.web.servlet.context.AnnotationConfigServletWebServerApplicationContext@53976f5c has been closed already
	at org.springframework.context.support.AbstractApplicationContext.assertBeanFactoryActive(AbstractApplicationContext.java:1090)
	at org.springframework.context.support.AbstractApplicationContext.getBean(AbstractApplicationContext.java:1123)
	at com.alibaba.nacos.sys.utils.ApplicationUtils.getBean(ApplicationUtils.java:140)
	at com.alibaba.nacos.naming.healthcheck.ClientBeatCheckTask.getDistroMapper(ClientBeatCheckTask.java:61)
	at com.alibaba.nacos.naming.healthcheck.ClientBeatCheckTask.run(ClientBeatCheckTask.java:79)
	at java.base/java.util.concurrent.Executors$RunnableAdapter.call(Executors.java:539)
	at java.base/java.util.concurrent.FutureTask.runAndReset(FutureTask.java:305)
	at java.base/java.util.concurrent.ScheduledThreadPoolExecutor$ScheduledFutureTask.run(ScheduledThreadPoolExecutor.java:305)
	at java.base/java.util.concurrent.ThreadPoolExecutor.runWorker(ThreadPoolExecutor.java:1136)
	at java.base/java.util.concurrent.ThreadPoolExecutor$Worker.run(ThreadPoolExecutor.java:635)
	at java.base/java.lang.Thread.run(Thread.java:833)
2023-09-12 17:40:28,018 WARN Exception while processing client beat time out.

java.lang.IllegalStateException: org.springframework.boot.web.servlet.context.AnnotationConfigServletWebServerApplicationContext@53976f5c has been closed already
	at org.springframework.context.support.AbstractApplicationContext.assertBeanFactoryActive(AbstractApplicationContext.java:1090)
	at org.springframework.context.support.AbstractApplicationContext.getBean(AbstractApplicationContext.java:1123)
	at com.alibaba.nacos.sys.utils.ApplicationUtils.getBean(ApplicationUtils.java:140)
	at com.alibaba.nacos.naming.healthcheck.ClientBeatCheckTask.getDistroMapper(ClientBeatCheckTask.java:61)
	at com.alibaba.nacos.naming.healthcheck.ClientBeatCheckTask.run(ClientBeatCheckTask.java:79)
	at java.base/java.util.concurrent.Executors$RunnableAdapter.call(Executors.java:539)
	at java.base/java.util.concurrent.FutureTask.runAndReset(FutureTask.java:305)
	at java.base/java.util.concurrent.ScheduledThreadPoolExecutor$ScheduledFutureTask.run(ScheduledThreadPoolExecutor.java:305)
	at java.base/java.util.concurrent.ThreadPoolExecutor.runWorker(ThreadPoolExecutor.java:1136)
	at java.base/java.util.concurrent.ThreadPoolExecutor$Worker.run(ThreadPoolExecutor.java:635)
	at java.base/java.lang.Thread.run(Thread.java:833)
2023-09-12 17:40:34,650 ERROR [HEALTH-CHECK] error while processing NIO task

java.lang.InterruptedException: null
	at java.base/java.util.concurrent.locks.AbstractQueuedSynchronizer$ConditionObject.awaitNanos(AbstractQueuedSynchronizer.java:1679)
	at java.base/java.util.concurrent.LinkedBlockingQueue.poll(LinkedBlockingQueue.java:460)
	at com.alibaba.nacos.naming.healthcheck.TcpSuperSenseProcessor.processTask(TcpSuperSenseProcessor.java:137)
	at com.alibaba.nacos.naming.healthcheck.TcpSuperSenseProcessor.run(TcpSuperSenseProcessor.java:154)
	at java.base/java.util.concurrent.Executors$RunnableAdapter.call(Executors.java:539)
	at java.base/java.util.concurrent.FutureTask.run(FutureTask.java:264)
	at java.base/java.util.concurrent.ScheduledThreadPoolExecutor$ScheduledFutureTask.run(ScheduledThreadPoolExecutor.java:304)
	at java.base/java.util.concurrent.ThreadPoolExecutor.runWorker(ThreadPoolExecutor.java:1136)
	at java.base/java.util.concurrent.ThreadPoolExecutor$Worker.run(ThreadPoolExecutor.java:635)
	at java.base/java.lang.Thread.run(Thread.java:833)
